2025-03-20 23:09:13 [restartedMain] DEBUG com.myblog.myblog.MyBlogApplication - Running with Spring Boot v3.3.9, Spring v6.1.17
2025-03-20 23:09:15 [restartedMain] DEBUG o.s.w.f.ServerHttpObservationFilter - Filter 'webMvcObservationFilter' configured for use
2025-03-20 23:09:18 [restartedMain] DEBUG o.s.w.s.m.m.a.RequestMappingHandlerMapping - 33 mappings in 'requestMappingHandlerMapping'
2025-03-20 23:09:18 [restartedMain] DEBUG o.s.w.s.h.SimpleUrlHandlerMapping - Patterns [/webjars/**, /**, /swagger-ui*/*swagger-initializer.js, /swagger-ui*/**] in 'resourceHandlerMapping'
2025-03-20 23:09:19 [restartedMain] DEBUG o.s.s.web.DefaultSecurityFilterChain - Will secure any request with filters: DisableEncodeUrlFilter, WebAsyncManagerIntegrationFilter, SecurityContextHolderFilter, HeaderWriterFilter, CsrfFilter, LogoutFilter, UsernamePasswordAuthenticationFilter, RequestCacheAwareFilter, SecurityContextHolderAwareRequestFilter, AnonymousAuthenticationFilter, ExceptionTranslationFilter, AuthorizationFilter
2025-03-20 23:09:19 [restartedMain] DEBUG o.s.w.s.m.m.a.RequestMappingHandlerAdapter - ControllerAdvice beans: 0 @ModelAttribute, 0 @InitBinder, 1 RequestBodyAdvice, 1 ResponseBodyAdvice
2025-03-20 23:09:19 [restartedMain] DEBUG o.s.w.s.m.m.a.ExceptionHandlerExceptionResolver - ControllerAdvice beans: 1 @ExceptionHandler, 1 ResponseBodyAdvice
2025-03-20 23:09:20 [RMI TCP Connection(3)-192.168.155.228] DEBUG o.s.web.servlet.DispatcherServlet - Detected StandardServletMultipartResolver
2025-03-20 23:09:20 [RMI TCP Connection(3)-192.168.155.228] DEBUG o.s.web.servlet.DispatcherServlet - Detected AcceptHeaderLocaleResolver
2025-03-20 23:09:20 [RMI TCP Connection(3)-192.168.155.228] DEBUG o.s.web.servlet.DispatcherServlet - Detected FixedThemeResolver
2025-03-20 23:09:20 [RMI TCP Connection(3)-192.168.155.228] DEBUG o.s.web.servlet.DispatcherServlet - Detected org.springframework.web.servlet.view.DefaultRequestToViewNameTranslator@33523bf4
2025-03-20 23:09:20 [RMI TCP Connection(3)-192.168.155.228] DEBUG o.s.web.servlet.DispatcherServlet - Detected org.springframework.web.servlet.support.SessionFlashMapManager@76e8efd2
2025-03-20 23:09:20 [RMI TCP Connection(3)-192.168.155.228] DEBUG o.s.web.servlet.DispatcherServlet - enableLoggingRequestDetails='false': request parameters and headers will be masked to prevent unsafe logging of potentially sensitive data
2025-03-20 23:09:29 [http-nio-9090-exec-1] DEBUG o.s.security.web.FilterChainProxy - Securing GET /
2025-03-20 23:09:30 [http-nio-9090-exec-1] DEBUG o.s.security.web.FilterChainProxy - Secured GET /
2025-03-20 23:09:30 [http-nio-9090-exec-1] DEBUG o.s.web.servlet.DispatcherServlet - GET "/", parameters={}
2025-03-20 23:09:30 [http-nio-9090-exec-1] DEBUG o.s.w.s.m.m.a.RequestMappingHandlerMapping - Mapped to com.myblog.myblog.controller.BlogPostController#index(int, int, Model, HttpServletRequest)
2025-03-20 23:09:30 [http-nio-9090-exec-1] DEBUG org.hibernate.SQL - select a1_0.id,a1_0.author_id,a1_0.content,a1_0.create_time,a1_0.publish_time,a1_0.status,a1_0.title from article a1_0 limit ?,?
2025-03-20 23:09:30 [http-nio-9090-exec-1] DEBUG org.hibernate.SQL - select count(a1_0.id) from article a1_0
2025-03-20 23:09:30 [http-nio-9090-exec-1] DEBUG o.s.w.s.v.ContentNegotiatingViewResolver - Selected 'text/html' given [text/html, application/xhtml+xml, image/avif, image/webp, image/apng, application/xml;q=0.9, */*;q=0.8, application/signed-exchange;v=b3;q=0.7]
2025-03-20 23:09:30 [http-nio-9090-exec-1] DEBUG o.s.web.servlet.DispatcherServlet - Completed 200 OK
2025-03-20 23:09:30 [http-nio-9090-exec-2] DEBUG o.s.security.web.FilterChainProxy - Securing GET /css/base.css
2025-03-20 23:09:30 [http-nio-9090-exec-3] DEBUG o.s.security.web.FilterChainProxy - Securing GET /css/article-list.css
2025-03-20 23:09:30 [http-nio-9090-exec-5] DEBUG o.s.security.web.FilterChainProxy - Securing GET /images/logo.png
2025-03-20 23:09:30 [http-nio-9090-exec-3] DEBUG o.s.security.web.FilterChainProxy - Secured GET /css/article-list.css
2025-03-20 23:09:30 [http-nio-9090-exec-5] DEBUG o.s.security.web.FilterChainProxy - Secured GET /images/logo.png
2025-03-20 23:09:30 [http-nio-9090-exec-3] DEBUG o.s.web.servlet.DispatcherServlet - GET "/css/article-list.css", parameters={}
2025-03-20 23:09:30 [http-nio-9090-exec-2] DEBUG o.s.security.web.FilterChainProxy - Secured GET /css/base.css
2025-03-20 23:09:30 [http-nio-9090-exec-5] DEBUG o.s.web.servlet.DispatcherServlet - GET "/images/logo.png", parameters={}
2025-03-20 23:09:30 [http-nio-9090-exec-2] DEBUG o.s.web.servlet.DispatcherServlet - GET "/css/base.css", parameters={}
2025-03-20 23:09:30 [http-nio-9090-exec-3] DEBUG o.s.w.s.h.SimpleUrlHandlerMapping - Mapped to ResourceHttpRequestHandler [classpath [META-INF/resources/], classpath [resources/], classpath [static/], classpath [public/], ServletContext [/]]
2025-03-20 23:09:30 [http-nio-9090-exec-2] DEBUG o.s.w.s.h.SimpleUrlHandlerMapping - Mapped to ResourceHttpRequestHandler [classpath [META-INF/resources/], classpath [resources/], classpath [static/], classpath [public/], ServletContext [/]]
2025-03-20 23:09:30 [http-nio-9090-exec-5] DEBUG o.s.w.s.h.SimpleUrlHandlerMapping - Mapped to ResourceHttpRequestHandler [classpath [META-INF/resources/], classpath [resources/], classpath [static/], classpath [public/], ServletContext [/]]
2025-03-20 23:09:30 [http-nio-9090-exec-5] DEBUG o.s.web.servlet.DispatcherServlet - Completed 200 OK
2025-03-20 23:09:30 [http-nio-9090-exec-3] DEBUG o.s.web.servlet.DispatcherServlet - Completed 200 OK
2025-03-20 23:09:30 [http-nio-9090-exec-2] DEBUG o.s.web.servlet.DispatcherServlet - Completed 200 OK
2025-03-20 23:09:30 [http-nio-9090-exec-4] DEBUG o.s.security.web.FilterChainProxy - Securing GET /favicon.ico
2025-03-20 23:09:30 [http-nio-9090-exec-4] DEBUG o.s.s.web.DefaultRedirectStrategy - Redirecting to http://localhost:9090/login
2025-03-20 23:09:30 [http-nio-9090-exec-6] DEBUG o.s.security.web.FilterChainProxy - Securing GET /login
2025-03-20 23:09:30 [http-nio-9090-exec-6] DEBUG o.s.security.web.FilterChainProxy - Secured GET /login
2025-03-20 23:09:30 [http-nio-9090-exec-6] DEBUG o.s.web.servlet.DispatcherServlet - GET "/login", parameters={}
2025-03-20 23:09:30 [http-nio-9090-exec-6] DEBUG o.s.w.s.m.m.a.RequestMappingHandlerMapping - Mapped to com.myblog.myblog.controller.LoginController#login(Model, HttpSession)
2025-03-20 23:09:30 [http-nio-9090-exec-6] DEBUG o.s.w.s.v.ContentNegotiatingViewResolver - Selected '*/*' given [image/avif, image/webp, image/apng, image/svg+xml, image/*, */*;q=0.8]
2025-03-20 23:09:30 [http-nio-9090-exec-6] DEBUG o.s.web.servlet.DispatcherServlet - Completed 200 OK
2025-03-20 23:09:44 [http-nio-9090-exec-9] DEBUG o.s.security.web.FilterChainProxy - Securing GET /about
2025-03-20 23:09:44 [http-nio-9090-exec-9] DEBUG o.s.s.w.s.HttpSessionRequestCache - Saved request http://localhost:9090/about?continue to session
2025-03-20 23:09:44 [http-nio-9090-exec-9] DEBUG o.s.s.web.DefaultRedirectStrategy - Redirecting to http://localhost:9090/login
2025-03-20 23:09:44 [http-nio-9090-exec-1] DEBUG o.s.security.web.FilterChainProxy - Securing GET /login
2025-03-20 23:09:44 [http-nio-9090-exec-1] DEBUG o.s.security.web.FilterChainProxy - Secured GET /login
2025-03-20 23:09:44 [http-nio-9090-exec-1] DEBUG o.s.web.servlet.DispatcherServlet - GET "/login", parameters={}
2025-03-20 23:09:44 [http-nio-9090-exec-1] DEBUG o.s.w.s.m.m.a.RequestMappingHandlerMapping - Mapped to com.myblog.myblog.controller.LoginController#login(Model, HttpSession)
2025-03-20 23:09:44 [http-nio-9090-exec-1] DEBUG o.s.w.s.v.ContentNegotiatingViewResolver - Selected 'text/html' given [text/html, application/xhtml+xml, image/avif, image/webp, image/apng, application/xml;q=0.9, */*;q=0.8, application/signed-exchange;v=b3;q=0.7]
2025-03-20 23:09:44 [http-nio-9090-exec-1] DEBUG o.s.web.servlet.DispatcherServlet - Completed 200 OK
2025-03-20 23:09:44 [http-nio-9090-exec-5] DEBUG o.s.security.web.FilterChainProxy - Securing GET /images/2.png
2025-03-20 23:09:44 [http-nio-9090-exec-5] DEBUG o.s.security.web.FilterChainProxy - Secured GET /images/2.png
2025-03-20 23:09:44 [http-nio-9090-exec-5] DEBUG o.s.web.servlet.DispatcherServlet - GET "/images/2.png", parameters={}
2025-03-20 23:09:44 [http-nio-9090-exec-5] DEBUG o.s.w.s.h.SimpleUrlHandlerMapping - Mapped to ResourceHttpRequestHandler [classpath [META-INF/resources/], classpath [resources/], classpath [static/], classpath [public/], ServletContext [/]]
2025-03-20 23:09:44 [http-nio-9090-exec-5] DEBUG o.s.web.servlet.DispatcherServlet - Completed 200 OK
2025-03-20 23:09:44 [http-nio-9090-exec-3] DEBUG o.s.security.web.FilterChainProxy - Securing GET /favicon.ico
2025-03-20 23:09:44 [http-nio-9090-exec-3] DEBUG o.s.s.web.DefaultRedirectStrategy - Redirecting to http://localhost:9090/login
2025-03-20 23:09:44 [http-nio-9090-exec-2] DEBUG o.s.security.web.FilterChainProxy - Securing GET /login
2025-03-20 23:09:44 [http-nio-9090-exec-2] DEBUG o.s.security.web.FilterChainProxy - Secured GET /login
2025-03-20 23:09:44 [http-nio-9090-exec-2] DEBUG o.s.web.servlet.DispatcherServlet - GET "/login", parameters={}
2025-03-20 23:09:44 [http-nio-9090-exec-2] DEBUG o.s.w.s.m.m.a.RequestMappingHandlerMapping - Mapped to com.myblog.myblog.controller.LoginController#login(Model, HttpSession)
2025-03-20 23:09:44 [http-nio-9090-exec-2] DEBUG o.s.w.s.v.ContentNegotiatingViewResolver - Selected '*/*' given [image/avif, image/webp, image/apng, image/svg+xml, image/*, */*;q=0.8]
2025-03-20 23:09:44 [http-nio-9090-exec-2] DEBUG o.s.web.servlet.DispatcherServlet - Completed 200 OK
2025-03-20 23:09:49 [http-nio-9090-exec-10] DEBUG o.s.security.web.FilterChainProxy - Securing GET /
2025-03-20 23:09:49 [http-nio-9090-exec-10] DEBUG o.s.security.web.FilterChainProxy - Secured GET /
2025-03-20 23:09:49 [http-nio-9090-exec-10] DEBUG o.s.web.servlet.DispatcherServlet - GET "/", parameters={}
2025-03-20 23:09:49 [http-nio-9090-exec-10] DEBUG o.s.w.s.m.m.a.RequestMappingHandlerMapping - Mapped to com.myblog.myblog.controller.BlogPostController#index(int, int, Model, HttpServletRequest)
2025-03-20 23:09:49 [http-nio-9090-exec-10] DEBUG org.hibernate.SQL - select a1_0.id,a1_0.author_id,a1_0.content,a1_0.create_time,a1_0.publish_time,a1_0.status,a1_0.title from article a1_0 limit ?,?
2025-03-20 23:09:49 [http-nio-9090-exec-10] DEBUG org.hibernate.SQL - select count(a1_0.id) from article a1_0
2025-03-20 23:09:49 [http-nio-9090-exec-10] DEBUG o.s.w.s.v.ContentNegotiatingViewResolver - Selected 'text/html' given [text/html, application/xhtml+xml, image/avif, image/webp, image/apng, application/xml;q=0.9, */*;q=0.8, application/signed-exchange;v=b3;q=0.7]
2025-03-20 23:09:49 [http-nio-9090-exec-10] DEBUG o.s.web.servlet.DispatcherServlet - Completed 200 OK
2025-03-20 23:09:49 [http-nio-9090-exec-8] DEBUG o.s.security.web.FilterChainProxy - Securing GET /css/article-list.css
2025-03-20 23:09:49 [http-nio-9090-exec-7] DEBUG o.s.security.web.FilterChainProxy - Securing GET /css/base.css
2025-03-20 23:09:49 [http-nio-9090-exec-7] DEBUG o.s.security.web.FilterChainProxy - Secured GET /css/base.css
2025-03-20 23:09:49 [http-nio-9090-exec-8] DEBUG o.s.security.web.FilterChainProxy - Secured GET /css/article-list.css
2025-03-20 23:09:49 [http-nio-9090-exec-7] DEBUG o.s.web.servlet.DispatcherServlet - GET "/css/base.css", parameters={}
2025-03-20 23:09:49 [http-nio-9090-exec-8] DEBUG o.s.web.servlet.DispatcherServlet - GET "/css/article-list.css", parameters={}
2025-03-20 23:09:49 [http-nio-9090-exec-8] DEBUG o.s.w.s.h.SimpleUrlHandlerMapping - Mapped to ResourceHttpRequestHandler [classpath [META-INF/resources/], classpath [resources/], classpath [static/], classpath [public/], ServletContext [/]]
2025-03-20 23:09:49 [http-nio-9090-exec-7] DEBUG o.s.w.s.h.SimpleUrlHandlerMapping - Mapped to ResourceHttpRequestHandler [classpath [META-INF/resources/], classpath [resources/], classpath [static/], classpath [public/], ServletContext [/]]
2025-03-20 23:09:49 [http-nio-9090-exec-8] DEBUG o.s.web.servlet.DispatcherServlet - Completed 200 OK
2025-03-20 23:09:49 [http-nio-9090-exec-7] DEBUG o.s.web.servlet.DispatcherServlet - Completed 200 OK
2025-03-20 23:09:49 [http-nio-9090-exec-9] DEBUG o.s.security.web.FilterChainProxy - Securing GET /favicon.ico
2025-03-20 23:09:49 [http-nio-9090-exec-9] DEBUG o.s.s.web.DefaultRedirectStrategy - Redirecting to http://localhost:9090/login
2025-03-20 23:09:49 [http-nio-9090-exec-1] DEBUG o.s.security.web.FilterChainProxy - Securing GET /login
2025-03-20 23:09:49 [http-nio-9090-exec-1] DEBUG o.s.security.web.FilterChainProxy - Secured GET /login
2025-03-20 23:09:49 [http-nio-9090-exec-1] DEBUG o.s.web.servlet.DispatcherServlet - GET "/login", parameters={}
2025-03-20 23:09:49 [http-nio-9090-exec-1] DEBUG o.s.w.s.m.m.a.RequestMappingHandlerMapping - Mapped to com.myblog.myblog.controller.LoginController#login(Model, HttpSession)
2025-03-20 23:09:49 [http-nio-9090-exec-1] DEBUG o.s.w.s.v.ContentNegotiatingViewResolver - Selected '*/*' given [image/avif, image/webp, image/apng, image/svg+xml, image/*, */*;q=0.8]
2025-03-20 23:09:49 [http-nio-9090-exec-1] DEBUG o.s.web.servlet.DispatcherServlet - Completed 200 OK
2025-03-20 23:11:47 [http-nio-9090-exec-2] DEBUG o.s.security.web.FilterChainProxy - Securing GET /login
2025-03-20 23:11:47 [http-nio-9090-exec-2] DEBUG o.s.security.web.FilterChainProxy - Secured GET /login
2025-03-20 23:11:47 [http-nio-9090-exec-2] DEBUG o.s.web.servlet.DispatcherServlet - GET "/login", parameters={}
2025-03-20 23:11:47 [http-nio-9090-exec-2] DEBUG o.s.w.s.m.m.a.RequestMappingHandlerMapping - Mapped to com.myblog.myblog.controller.LoginController#login(Model, HttpSession)
2025-03-20 23:11:47 [http-nio-9090-exec-2] DEBUG o.s.w.s.v.ContentNegotiatingViewResolver - Selected 'text/html' given [text/html, application/xhtml+xml, image/avif, image/webp, image/apng, application/xml;q=0.9, */*;q=0.8, application/signed-exchange;v=b3;q=0.7]
2025-03-20 23:11:47 [http-nio-9090-exec-2] DEBUG o.s.web.servlet.DispatcherServlet - Completed 200 OK
2025-03-20 23:11:47 [http-nio-9090-exec-4] DEBUG o.s.security.web.FilterChainProxy - Securing GET /images/2.png
2025-03-20 23:11:47 [http-nio-9090-exec-4] DEBUG o.s.security.web.FilterChainProxy - Secured GET /images/2.png
2025-03-20 23:11:47 [http-nio-9090-exec-4] DEBUG o.s.web.servlet.DispatcherServlet - GET "/images/2.png", parameters={}
2025-03-20 23:11:47 [http-nio-9090-exec-4] DEBUG o.s.w.s.h.SimpleUrlHandlerMapping - Mapped to ResourceHttpRequestHandler [classpath [META-INF/resources/], classpath [resources/], classpath [static/], classpath [public/], ServletContext [/]]
2025-03-20 23:11:47 [http-nio-9090-exec-4] DEBUG o.s.web.servlet.DispatcherServlet - Completed 200 OK
2025-03-20 23:11:47 [http-nio-9090-exec-6] DEBUG o.s.security.web.FilterChainProxy - Securing GET /favicon.ico
2025-03-20 23:11:47 [http-nio-9090-exec-6] DEBUG o.s.s.web.DefaultRedirectStrategy - Redirecting to http://localhost:9090/login
2025-03-20 23:11:47 [http-nio-9090-exec-10] DEBUG o.s.security.web.FilterChainProxy - Securing GET /login
2025-03-20 23:11:47 [http-nio-9090-exec-10] DEBUG o.s.security.web.FilterChainProxy - Secured GET /login
2025-03-20 23:11:47 [http-nio-9090-exec-10] DEBUG o.s.web.servlet.DispatcherServlet - GET "/login", parameters={}
2025-03-20 23:11:47 [http-nio-9090-exec-10] DEBUG o.s.w.s.m.m.a.RequestMappingHandlerMapping - Mapped to com.myblog.myblog.controller.LoginController#login(Model, HttpSession)
2025-03-20 23:11:47 [http-nio-9090-exec-10] DEBUG o.s.w.s.v.ContentNegotiatingViewResolver - Selected '*/*' given [image/avif, image/webp, image/apng, image/svg+xml, image/*, */*;q=0.8]
2025-03-20 23:11:47 [http-nio-9090-exec-10] DEBUG o.s.web.servlet.DispatcherServlet - Completed 200 OK
2025-03-20 23:11:50 [http-nio-9090-exec-7] DEBUG o.s.security.web.FilterChainProxy - Securing POST /login
2025-03-20 23:11:50 [http-nio-9090-exec-7] DEBUG org.hibernate.SQL - select u1_0.user_id,u1_0.created_at,u1_0.password,u1_0.role,u1_0.username from user u1_0 where u1_0.username=?
2025-03-20 23:11:51 [http-nio-9090-exec-7] DEBUG o.s.s.a.d.DaoAuthenticationProvider - Authenticated user
2025-03-20 23:11:51 [http-nio-9090-exec-7] DEBUG o.s.s.w.a.s.ChangeSessionIdAuthenticationStrategy - Changed session id from 6F9467BFC72E91A1B97796B06442D9A9
2025-03-20 23:11:51 [http-nio-9090-exec-7] DEBUG o.s.s.w.c.CsrfAuthenticationStrategy - Replaced CSRF Token
2025-03-20 23:11:51 [http-nio-9090-exec-7] DEBUG o.s.s.w.c.HttpSessionSecurityContextRepository - Stored SecurityContextImpl [Authentication=UsernamePasswordAuthenticationToken [Principal=org.springframework.security.core.userdetails.User [Username=admin, Password=[PROTECTED], Enabled=true, AccountNonExpired=true, CredentialsNonExpired=true, AccountNonLocked=true, Granted Authorities=[ROLE_ADMIN]], Credentials=[PROTECTED], Authenticated=true, Details=WebAuthenticationDetails [RemoteIpAddress=0:0:0:0:0:0:0:1, SessionId=6F9467BFC72E91A1B97796B06442D9A9], Granted Authorities=[ROLE_ADMIN]]] to HttpSession [org.apache.catalina.session.StandardSessionFacade@55cc018a]
2025-03-20 23:11:51 [http-nio-9090-exec-7] DEBUG o.s.s.w.a.UsernamePasswordAuthenticationFilter - Set SecurityContextHolder to UsernamePasswordAuthenticationToken [Principal=org.springframework.security.core.userdetails.User [Username=admin, Password=[PROTECTED], Enabled=true, AccountNonExpired=true, CredentialsNonExpired=true, AccountNonLocked=true, Granted Authorities=[ROLE_ADMIN]], Credentials=[PROTECTED], Authenticated=true, Details=WebAuthenticationDetails [RemoteIpAddress=0:0:0:0:0:0:0:1, SessionId=6F9467BFC72E91A1B97796B06442D9A9], Granted Authorities=[ROLE_ADMIN]]
2025-03-20 23:11:51 [http-nio-9090-exec-8] DEBUG o.s.security.web.FilterChainProxy - Securing GET /admin
2025-03-20 23:11:51 [http-nio-9090-exec-8] DEBUG o.s.security.web.FilterChainProxy - Secured GET /admin
2025-03-20 23:11:51 [http-nio-9090-exec-8] DEBUG o.s.web.servlet.DispatcherServlet - GET "/admin", parameters={}
2025-03-20 23:11:51 [http-nio-9090-exec-8] DEBUG o.s.w.s.m.m.a.RequestMappingHandlerMapping - Mapped to com.myblog.myblog.controller.AdminController#adminDashboard(Model, HttpServletRequest)
2025-03-20 23:11:51 [http-nio-9090-exec-8] DEBUG org.hibernate.SQL - select count(*) from article a1_0
2025-03-20 23:11:51 [http-nio-9090-exec-8] DEBUG org.hibernate.SQL - select count(*) from user u1_0
2025-03-20 23:11:51 [http-nio-9090-exec-8] DEBUG o.s.w.s.v.ContentNegotiatingViewResolver - Selected 'text/html' given [text/html, application/xhtml+xml, image/avif, image/webp, image/apng, application/xml;q=0.9, */*;q=0.8, application/signed-exchange;v=b3;q=0.7]
2025-03-20 23:11:51 [http-nio-9090-exec-8] DEBUG o.s.s.w.c.HttpSessionSecurityContextRepository - Retrieved SecurityContextImpl [Authentication=UsernamePasswordAuthenticationToken [Principal=org.springframework.security.core.userdetails.User [Username=admin, Password=[PROTECTED], Enabled=true, AccountNonExpired=true, CredentialsNonExpired=true, AccountNonLocked=true, Granted Authorities=[ROLE_ADMIN]], Credentials=[PROTECTED], Authenticated=true, Details=WebAuthenticationDetails [RemoteIpAddress=0:0:0:0:0:0:0:1, SessionId=6F9467BFC72E91A1B97796B06442D9A9], Granted Authorities=[ROLE_ADMIN]]]
2025-03-20 23:11:51 [http-nio-9090-exec-8] DEBUG o.s.web.servlet.DispatcherServlet - Completed 200 OK
2025-03-20 23:11:51 [http-nio-9090-exec-9] DEBUG o.s.security.web.FilterChainProxy - Securing GET /css/base.css
2025-03-20 23:11:51 [http-nio-9090-exec-1] DEBUG o.s.security.web.FilterChainProxy - Securing GET /css/admin.css
2025-03-20 23:11:51 [http-nio-9090-exec-9] DEBUG o.s.security.web.FilterChainProxy - Secured GET /css/base.css
2025-03-20 23:11:51 [http-nio-9090-exec-9] DEBUG o.s.web.servlet.DispatcherServlet - GET "/css/base.css", parameters={}
2025-03-20 23:11:51 [http-nio-9090-exec-1] DEBUG o.s.security.web.FilterChainProxy - Secured GET /css/admin.css
2025-03-20 23:11:51 [http-nio-9090-exec-1] DEBUG o.s.web.servlet.DispatcherServlet - GET "/css/admin.css", parameters={}
2025-03-20 23:11:51 [http-nio-9090-exec-9] DEBUG o.s.w.s.h.SimpleUrlHandlerMapping - Mapped to ResourceHttpRequestHandler [classpath [META-INF/resources/], classpath [resources/], classpath [static/], classpath [public/], ServletContext [/]]
2025-03-20 23:11:51 [http-nio-9090-exec-1] DEBUG o.s.w.s.h.SimpleUrlHandlerMapping - Mapped to ResourceHttpRequestHandler [classpath [META-INF/resources/], classpath [resources/], classpath [static/], classpath [public/], ServletContext [/]]
2025-03-20 23:11:51 [http-nio-9090-exec-9] DEBUG o.s.web.servlet.DispatcherServlet - Completed 200 OK
2025-03-20 23:11:51 [http-nio-9090-exec-9] DEBUG o.s.s.w.c.HttpSessionSecurityContextRepository - Retrieved SecurityContextImpl [Authentication=UsernamePasswordAuthenticationToken [Principal=org.springframework.security.core.userdetails.User [Username=admin, Password=[PROTECTED], Enabled=true, AccountNonExpired=true, CredentialsNonExpired=true, AccountNonLocked=true, Granted Authorities=[ROLE_ADMIN]], Credentials=[PROTECTED], Authenticated=true, Details=WebAuthenticationDetails [RemoteIpAddress=0:0:0:0:0:0:0:1, SessionId=6F9467BFC72E91A1B97796B06442D9A9], Granted Authorities=[ROLE_ADMIN]]]
2025-03-20 23:11:51 [http-nio-9090-exec-1] DEBUG o.s.web.servlet.DispatcherServlet - Completed 200 OK
2025-03-20 23:11:51 [http-nio-9090-exec-1] DEBUG o.s.s.w.c.HttpSessionSecurityContextRepository - Retrieved SecurityContextImpl [Authentication=UsernamePasswordAuthenticationToken [Principal=org.springframework.security.core.userdetails.User [Username=admin, Password=[PROTECTED], Enabled=true, AccountNonExpired=true, CredentialsNonExpired=true, AccountNonLocked=true, Granted Authorities=[ROLE_ADMIN]], Credentials=[PROTECTED], Authenticated=true, Details=WebAuthenticationDetails [RemoteIpAddress=0:0:0:0:0:0:0:1, SessionId=6F9467BFC72E91A1B97796B06442D9A9], Granted Authorities=[ROLE_ADMIN]]]
2025-03-20 23:11:51 [http-nio-9090-exec-3] DEBUG o.s.security.web.FilterChainProxy - Securing GET /images/logo.png
2025-03-20 23:11:51 [http-nio-9090-exec-3] DEBUG o.s.security.web.FilterChainProxy - Secured GET /images/logo.png
2025-03-20 23:11:51 [http-nio-9090-exec-3] DEBUG o.s.web.servlet.DispatcherServlet - GET "/images/logo.png", parameters={}
2025-03-20 23:11:51 [http-nio-9090-exec-3] DEBUG o.s.w.s.h.SimpleUrlHandlerMapping - Mapped to ResourceHttpRequestHandler [classpath [META-INF/resources/], classpath [resources/], classpath [static/], classpath [public/], ServletContext [/]]
2025-03-20 23:11:51 [http-nio-9090-exec-3] DEBUG o.s.web.servlet.DispatcherServlet - Completed 200 OK
2025-03-20 23:11:51 [http-nio-9090-exec-3] DEBUG o.s.s.w.c.HttpSessionSecurityContextRepository - Retrieved SecurityContextImpl [Authentication=UsernamePasswordAuthenticationToken [Principal=org.springframework.security.core.userdetails.User [Username=admin, Password=[PROTECTED], Enabled=true, AccountNonExpired=true, CredentialsNonExpired=true, AccountNonLocked=true, Granted Authorities=[ROLE_ADMIN]], Credentials=[PROTECTED], Authenticated=true, Details=WebAuthenticationDetails [RemoteIpAddress=0:0:0:0:0:0:0:1, SessionId=6F9467BFC72E91A1B97796B06442D9A9], Granted Authorities=[ROLE_ADMIN]]]
2025-03-20 23:11:51 [http-nio-9090-exec-5] DEBUG o.s.security.web.FilterChainProxy - Securing GET /favicon.ico
2025-03-20 23:11:51 [http-nio-9090-exec-5] DEBUG o.s.s.w.c.HttpSessionSecurityContextRepository - Retrieved SecurityContextImpl [Authentication=UsernamePasswordAuthenticationToken [Principal=org.springframework.security.core.userdetails.User [Username=admin, Password=[PROTECTED], Enabled=true, AccountNonExpired=true, CredentialsNonExpired=true, AccountNonLocked=true, Granted Authorities=[ROLE_ADMIN]], Credentials=[PROTECTED], Authenticated=true, Details=WebAuthenticationDetails [RemoteIpAddress=0:0:0:0:0:0:0:1, SessionId=6F9467BFC72E91A1B97796B06442D9A9], Granted Authorities=[ROLE_ADMIN]]]
2025-03-20 23:11:51 [http-nio-9090-exec-5] DEBUG o.s.security.web.FilterChainProxy - Secured GET /favicon.ico
2025-03-20 23:11:51 [http-nio-9090-exec-5] DEBUG o.s.web.servlet.DispatcherServlet - GET "/favicon.ico", parameters={}
2025-03-20 23:11:51 [http-nio-9090-exec-5] DEBUG o.s.w.s.h.SimpleUrlHandlerMapping - Mapped to ResourceHttpRequestHandler [classpath [META-INF/resources/], classpath [resources/], classpath [static/], classpath [public/], ServletContext [/]]
2025-03-20 23:11:51 [http-nio-9090-exec-5] DEBUG o.s.w.s.r.ResourceHttpRequestHandler - Resource not found
2025-03-20 23:11:51 [http-nio-9090-exec-5] DEBUG o.s.w.s.m.s.DefaultHandlerExceptionResolver - Resolved [org.springframework.web.servlet.resource.NoResourceFoundException: No static resource favicon.ico.]
2025-03-20 23:11:51 [http-nio-9090-exec-5] DEBUG o.s.web.servlet.DispatcherServlet - Completed 404 NOT_FOUND
2025-03-20 23:11:51 [http-nio-9090-exec-5] DEBUG o.s.security.web.FilterChainProxy - Securing GET /error
2025-03-20 23:11:51 [http-nio-9090-exec-5] DEBUG o.s.security.web.FilterChainProxy - Secured GET /error
2025-03-20 23:11:51 [http-nio-9090-exec-5] DEBUG o.s.web.servlet.DispatcherServlet - "ERROR" dispatch for GET "/error", parameters={}
2025-03-20 23:11:51 [http-nio-9090-exec-5] DEBUG o.s.w.s.m.m.a.RequestMappingHandlerMapping - Mapped to org.springframework.boot.autoconfigure.web.servlet.error.BasicErrorController#error(HttpServletRequest)
2025-03-20 23:11:51 [http-nio-9090-exec-5] DEBUG o.s.w.s.m.m.a.HttpEntityMethodProcessor - Using 'application/json;q=0.8', given [image/avif, image/webp, image/apng, image/svg+xml, image/*, */*;q=0.8] and supported [application/json, application/*+json]
2025-03-20 23:11:51 [http-nio-9090-exec-5] DEBUG o.s.w.s.m.m.a.HttpEntityMethodProcessor - Writing [{timestamp=Thu Mar 20 23:11:51 CST 2025, status=404, error=Not Found, trace=org.springframework.web. (truncated)...]
2025-03-20 23:11:51 [http-nio-9090-exec-5] DEBUG o.s.web.servlet.DispatcherServlet - Exiting from "ERROR" dispatch, status 404
2025-03-20 23:11:51 [http-nio-9090-exec-5] DEBUG o.s.s.w.c.HttpSessionSecurityContextRepository - Retrieved SecurityContextImpl [Authentication=UsernamePasswordAuthenticationToken [Principal=org.springframework.security.core.userdetails.User [Username=admin, Password=[PROTECTED], Enabled=true, AccountNonExpired=true, CredentialsNonExpired=true, AccountNonLocked=true, Granted Authorities=[ROLE_ADMIN]], Credentials=[PROTECTED], Authenticated=true, Details=WebAuthenticationDetails [RemoteIpAddress=0:0:0:0:0:0:0:1, SessionId=6F9467BFC72E91A1B97796B06442D9A9], Granted Authorities=[ROLE_ADMIN]]]
2025-03-20 23:11:53 [http-nio-9090-exec-2] DEBUG o.s.security.web.FilterChainProxy - Securing GET /login
2025-03-20 23:11:53 [http-nio-9090-exec-2] DEBUG o.s.security.web.FilterChainProxy - Secured GET /login
2025-03-20 23:11:53 [http-nio-9090-exec-2] DEBUG o.s.web.servlet.DispatcherServlet - GET "/login", parameters={}
2025-03-20 23:11:53 [http-nio-9090-exec-2] DEBUG o.s.w.s.m.m.a.RequestMappingHandlerMapping - Mapped to com.myblog.myblog.controller.LoginController#login(Model, HttpSession)
2025-03-20 23:11:53 [http-nio-9090-exec-2] DEBUG o.s.w.s.v.ContentNegotiatingViewResolver - Selected 'text/html' given [text/html, application/xhtml+xml, image/avif, image/webp, image/apng, application/xml;q=0.9, */*;q=0.8, application/signed-exchange;v=b3;q=0.7]
2025-03-20 23:11:53 [http-nio-9090-exec-2] DEBUG o.s.web.servlet.DispatcherServlet - Completed 200 OK
2025-03-20 23:11:53 [http-nio-9090-exec-2] DEBUG o.s.s.w.c.HttpSessionSecurityContextRepository - Retrieved SecurityContextImpl [Authentication=UsernamePasswordAuthenticationToken [Principal=org.springframework.security.core.userdetails.User [Username=admin, Password=[PROTECTED], Enabled=true, AccountNonExpired=true, CredentialsNonExpired=true, AccountNonLocked=true, Granted Authorities=[ROLE_ADMIN]], Credentials=[PROTECTED], Authenticated=true, Details=WebAuthenticationDetails [RemoteIpAddress=0:0:0:0:0:0:0:1, SessionId=6F9467BFC72E91A1B97796B06442D9A9], Granted Authorities=[ROLE_ADMIN]]]
2025-03-20 23:11:58 [http-nio-9090-exec-4] DEBUG o.s.security.web.FilterChainProxy - Securing POST /login
2025-03-20 23:11:58 [http-nio-9090-exec-4] DEBUG org.hibernate.SQL - select u1_0.user_id,u1_0.created_at,u1_0.password,u1_0.role,u1_0.username from user u1_0 where u1_0.username=?
2025-03-20 23:11:58 [http-nio-9090-exec-4] DEBUG o.s.s.a.d.DaoAuthenticationProvider - Authenticated user
2025-03-20 23:11:58 [http-nio-9090-exec-4] DEBUG o.s.s.w.a.s.ChangeSessionIdAuthenticationStrategy - Changed session id from 2E71F968A5A6D917057D404800EC3868
2025-03-20 23:11:58 [http-nio-9090-exec-4] DEBUG o.s.s.w.c.CsrfAuthenticationStrategy - Replaced CSRF Token
2025-03-20 23:11:58 [http-nio-9090-exec-4] DEBUG o.s.s.w.c.HttpSessionSecurityContextRepository - Stored SecurityContextImpl [Authentication=UsernamePasswordAuthenticationToken [Principal=org.springframework.security.core.userdetails.User [Username=user, Password=[PROTECTED], Enabled=true, AccountNonExpired=true, CredentialsNonExpired=true, AccountNonLocked=true, Granted Authorities=[ROLE_USER]], Credentials=[PROTECTED], Authenticated=true, Details=WebAuthenticationDetails [RemoteIpAddress=0:0:0:0:0:0:0:1, SessionId=2E71F968A5A6D917057D404800EC3868], Granted Authorities=[ROLE_USER]]] to HttpSession [org.apache.catalina.session.StandardSessionFacade@55cc018a]
2025-03-20 23:11:58 [http-nio-9090-exec-4] DEBUG o.s.s.w.a.UsernamePasswordAuthenticationFilter - Set SecurityContextHolder to UsernamePasswordAuthenticationToken [Principal=org.springframework.security.core.userdetails.User [Username=user, Password=[PROTECTED], Enabled=true, AccountNonExpired=true, CredentialsNonExpired=true, AccountNonLocked=true, Granted Authorities=[ROLE_USER]], Credentials=[PROTECTED], Authenticated=true, Details=WebAuthenticationDetails [RemoteIpAddress=0:0:0:0:0:0:0:1, SessionId=2E71F968A5A6D917057D404800EC3868], Granted Authorities=[ROLE_USER]]
2025-03-20 23:11:58 [http-nio-9090-exec-6] DEBUG o.s.security.web.FilterChainProxy - Securing GET /
2025-03-20 23:11:58 [http-nio-9090-exec-6] DEBUG o.s.security.web.FilterChainProxy - Secured GET /
2025-03-20 23:11:58 [http-nio-9090-exec-6] DEBUG o.s.web.servlet.DispatcherServlet - GET "/", parameters={}
2025-03-20 23:11:58 [http-nio-9090-exec-6] DEBUG o.s.w.s.m.m.a.RequestMappingHandlerMapping - Mapped to com.myblog.myblog.controller.BlogPostController#index(int, int, Model, HttpServletRequest)
2025-03-20 23:11:58 [http-nio-9090-exec-6] DEBUG org.hibernate.SQL - select a1_0.id,a1_0.author_id,a1_0.content,a1_0.create_time,a1_0.publish_time,a1_0.status,a1_0.title from article a1_0 limit ?,?
2025-03-20 23:11:58 [http-nio-9090-exec-6] DEBUG org.hibernate.SQL - select count(a1_0.id) from article a1_0
2025-03-20 23:11:58 [http-nio-9090-exec-6] DEBUG o.s.w.s.v.ContentNegotiatingViewResolver - Selected 'text/html' given [text/html, application/xhtml+xml, image/avif, image/webp, image/apng, application/xml;q=0.9, */*;q=0.8, application/signed-exchange;v=b3;q=0.7]
2025-03-20 23:11:58 [http-nio-9090-exec-6] DEBUG o.s.s.w.c.HttpSessionSecurityContextRepository - Retrieved SecurityContextImpl [Authentication=UsernamePasswordAuthenticationToken [Principal=org.springframework.security.core.userdetails.User [Username=user, Password=[PROTECTED], Enabled=true, AccountNonExpired=true, CredentialsNonExpired=true, AccountNonLocked=true, Granted Authorities=[ROLE_USER]], Credentials=[PROTECTED], Authenticated=true, Details=WebAuthenticationDetails [RemoteIpAddress=0:0:0:0:0:0:0:1, SessionId=2E71F968A5A6D917057D404800EC3868], Granted Authorities=[ROLE_USER]]]
2025-03-20 23:11:58 [http-nio-9090-exec-6] DEBUG o.s.web.servlet.DispatcherServlet - Completed 200 OK
2025-03-20 23:11:58 [http-nio-9090-exec-10] DEBUG o.s.security.web.FilterChainProxy - Securing GET /css/base.css
2025-03-20 23:11:58 [http-nio-9090-exec-7] DEBUG o.s.security.web.FilterChainProxy - Securing GET /css/article-list.css
2025-03-20 23:11:58 [http-nio-9090-exec-8] DEBUG o.s.security.web.FilterChainProxy - Securing GET /images/logo.png
2025-03-20 23:11:58 [http-nio-9090-exec-10] DEBUG o.s.security.web.FilterChainProxy - Secured GET /css/base.css
2025-03-20 23:11:58 [http-nio-9090-exec-10] DEBUG o.s.web.servlet.DispatcherServlet - GET "/css/base.css", parameters={}
2025-03-20 23:11:58 [http-nio-9090-exec-7] DEBUG o.s.security.web.FilterChainProxy - Secured GET /css/article-list.css
2025-03-20 23:11:58 [http-nio-9090-exec-7] DEBUG o.s.web.servlet.DispatcherServlet - GET "/css/article-list.css", parameters={}
2025-03-20 23:11:58 [http-nio-9090-exec-10] DEBUG o.s.w.s.h.SimpleUrlHandlerMapping - Mapped to ResourceHttpRequestHandler [classpath [META-INF/resources/], classpath [resources/], classpath [static/], classpath [public/], ServletContext [/]]
2025-03-20 23:11:58 [http-nio-9090-exec-7] DEBUG o.s.w.s.h.SimpleUrlHandlerMapping - Mapped to ResourceHttpRequestHandler [classpath [META-INF/resources/], classpath [resources/], classpath [static/], classpath [public/], ServletContext [/]]
2025-03-20 23:11:58 [http-nio-9090-exec-8] DEBUG o.s.security.web.FilterChainProxy - Secured GET /images/logo.png
2025-03-20 23:11:58 [http-nio-9090-exec-8] DEBUG o.s.web.servlet.DispatcherServlet - GET "/images/logo.png", parameters={}
2025-03-20 23:11:58 [http-nio-9090-exec-8] DEBUG o.s.w.s.h.SimpleUrlHandlerMapping - Mapped to ResourceHttpRequestHandler [classpath [META-INF/resources/], classpath [resources/], classpath [static/], classpath [public/], ServletContext [/]]
2025-03-20 23:11:58 [http-nio-9090-exec-10] DEBUG o.s.web.servlet.DispatcherServlet - Completed 200 OK
2025-03-20 23:11:58 [http-nio-9090-exec-7] DEBUG o.s.web.servlet.DispatcherServlet - Completed 200 OK
2025-03-20 23:11:58 [http-nio-9090-exec-8] DEBUG o.s.web.servlet.DispatcherServlet - Completed 200 OK
2025-03-20 23:11:58 [http-nio-9090-exec-10] DEBUG o.s.s.w.c.HttpSessionSecurityContextRepository - Retrieved SecurityContextImpl [Authentication=UsernamePasswordAuthenticationToken [Principal=org.springframework.security.core.userdetails.User [Username=user, Password=[PROTECTED], Enabled=true, AccountNonExpired=true, CredentialsNonExpired=true, AccountNonLocked=true, Granted Authorities=[ROLE_USER]], Credentials=[PROTECTED], Authenticated=true, Details=WebAuthenticationDetails [RemoteIpAddress=0:0:0:0:0:0:0:1, SessionId=2E71F968A5A6D917057D404800EC3868], Granted Authorities=[ROLE_USER]]]
2025-03-20 23:11:58 [http-nio-9090-exec-7] DEBUG o.s.s.w.c.HttpSessionSecurityContextRepository - Retrieved SecurityContextImpl [Authentication=UsernamePasswordAuthenticationToken [Principal=org.springframework.security.core.userdetails.User [Username=user, Password=[PROTECTED], Enabled=true, AccountNonExpired=true, CredentialsNonExpired=true, AccountNonLocked=true, Granted Authorities=[ROLE_USER]], Credentials=[PROTECTED], Authenticated=true, Details=WebAuthenticationDetails [RemoteIpAddress=0:0:0:0:0:0:0:1, SessionId=2E71F968A5A6D917057D404800EC3868], Granted Authorities=[ROLE_USER]]]
2025-03-20 23:11:58 [http-nio-9090-exec-8] DEBUG o.s.s.w.c.HttpSessionSecurityContextRepository - Retrieved SecurityContextImpl [Authentication=UsernamePasswordAuthenticationToken [Principal=org.springframework.security.core.userdetails.User [Username=user, Password=[PROTECTED], Enabled=true, AccountNonExpired=true, CredentialsNonExpired=true, AccountNonLocked=true, Granted Authorities=[ROLE_USER]], Credentials=[PROTECTED], Authenticated=true, Details=WebAuthenticationDetails [RemoteIpAddress=0:0:0:0:0:0:0:1, SessionId=2E71F968A5A6D917057D404800EC3868], Granted Authorities=[ROLE_USER]]]
2025-03-20 23:12:02 [http-nio-9090-exec-9] DEBUG o.s.security.web.FilterChainProxy - Securing GET /articles/1
2025-03-20 23:12:02 [http-nio-9090-exec-9] DEBUG o.s.security.web.FilterChainProxy - Secured GET /articles/1
2025-03-20 23:12:02 [http-nio-9090-exec-9] DEBUG o.s.web.servlet.DispatcherServlet - GET "/articles/1", parameters={}
2025-03-20 23:12:02 [http-nio-9090-exec-9] DEBUG o.s.w.s.m.m.a.RequestMappingHandlerMapping - Mapped to com.myblog.myblog.controller.BlogPostController#articleDetail(Long, Model)
2025-03-20 23:12:02 [http-nio-9090-exec-9] DEBUG org.hibernate.SQL - select a1_0.id,a1_0.author_id,a1_0.content,a1_0.create_time,a1_0.publish_time,a1_0.status,a1_0.title from article a1_0 where a1_0.id=?
2025-03-20 23:12:02 [http-nio-9090-exec-9] DEBUG o.s.w.s.v.ContentNegotiatingViewResolver - Selected 'text/html' given [text/html, application/xhtml+xml, image/avif, image/webp, image/apng, application/xml;q=0.9, */*;q=0.8, application/signed-exchange;v=b3;q=0.7]
2025-03-20 23:12:02 [http-nio-9090-exec-9] DEBUG o.s.s.w.c.HttpSessionSecurityContextRepository - Retrieved SecurityContextImpl [Authentication=UsernamePasswordAuthenticationToken [Principal=org.springframework.security.core.userdetails.User [Username=user, Password=[PROTECTED], Enabled=true, AccountNonExpired=true, CredentialsNonExpired=true, AccountNonLocked=true, Granted Authorities=[ROLE_USER]], Credentials=[PROTECTED], Authenticated=true, Details=WebAuthenticationDetails [RemoteIpAddress=0:0:0:0:0:0:0:1, SessionId=2E71F968A5A6D917057D404800EC3868], Granted Authorities=[ROLE_USER]]]
2025-03-20 23:12:02 [http-nio-9090-exec-9] DEBUG org.hibernate.SQL - select u1_0.user_id,u1_0.created_at,u1_0.password,u1_0.role,u1_0.username from user u1_0 where u1_0.user_id=?
2025-03-20 23:12:02 [http-nio-9090-exec-9] DEBUG o.s.web.servlet.DispatcherServlet - Completed 200 OK
2025-03-20 23:12:02 [http-nio-9090-exec-5] DEBUG o.s.security.web.FilterChainProxy - Securing GET /images/logo.png
2025-03-20 23:12:02 [http-nio-9090-exec-1] DEBUG o.s.security.web.FilterChainProxy - Securing GET /css/base.css
2025-03-20 23:12:02 [http-nio-9090-exec-1] DEBUG o.s.security.web.FilterChainProxy - Secured GET /css/base.css
2025-03-20 23:12:02 [http-nio-9090-exec-1] DEBUG o.s.web.servlet.DispatcherServlet - GET "/css/base.css", parameters={}
2025-03-20 23:12:02 [http-nio-9090-exec-3] DEBUG o.s.security.web.FilterChainProxy - Securing GET /css/article-list.css
2025-03-20 23:12:02 [http-nio-9090-exec-1] DEBUG o.s.w.s.h.SimpleUrlHandlerMapping - Mapped to ResourceHttpRequestHandler [classpath [META-INF/resources/], classpath [resources/], classpath [static/], classpath [public/], ServletContext [/]]
2025-03-20 23:12:02 [http-nio-9090-exec-5] DEBUG o.s.security.web.FilterChainProxy - Secured GET /images/logo.png
2025-03-20 23:12:02 [http-nio-9090-exec-5] DEBUG o.s.web.servlet.DispatcherServlet - GET "/images/logo.png", parameters={}
2025-03-20 23:12:02 [http-nio-9090-exec-5] DEBUG o.s.w.s.h.SimpleUrlHandlerMapping - Mapped to ResourceHttpRequestHandler [classpath [META-INF/resources/], classpath [resources/], classpath [static/], classpath [public/], ServletContext [/]]
2025-03-20 23:12:02 [http-nio-9090-exec-3] DEBUG o.s.security.web.FilterChainProxy - Secured GET /css/article-list.css
2025-03-20 23:12:02 [http-nio-9090-exec-3] DEBUG o.s.web.servlet.DispatcherServlet - GET "/css/article-list.css", parameters={}
2025-03-20 23:12:02 [http-nio-9090-exec-3] DEBUG o.s.w.s.h.SimpleUrlHandlerMapping - Mapped to ResourceHttpRequestHandler [classpath [META-INF/resources/], classpath [resources/], classpath [static/], classpath [public/], ServletContext [/]]
2025-03-20 23:12:02 [http-nio-9090-exec-1] DEBUG o.s.web.servlet.DispatcherServlet - Completed 200 OK
2025-03-20 23:12:02 [http-nio-9090-exec-1] DEBUG o.s.s.w.c.HttpSessionSecurityContextRepository - Retrieved SecurityContextImpl [Authentication=UsernamePasswordAuthenticationToken [Principal=org.springframework.security.core.userdetails.User [Username=user, Password=[PROTECTED], Enabled=true, AccountNonExpired=true, CredentialsNonExpired=true, AccountNonLocked=true, Granted Authorities=[ROLE_USER]], Credentials=[PROTECTED], Authenticated=true, Details=WebAuthenticationDetails [RemoteIpAddress=0:0:0:0:0:0:0:1, SessionId=2E71F968A5A6D917057D404800EC3868], Granted Authorities=[ROLE_USER]]]
2025-03-20 23:12:02 [http-nio-9090-exec-5] DEBUG o.s.web.servlet.DispatcherServlet - Completed 200 OK
2025-03-20 23:12:02 [http-nio-9090-exec-5] DEBUG o.s.s.w.c.HttpSessionSecurityContextRepository - Retrieved SecurityContextImpl [Authentication=UsernamePasswordAuthenticationToken [Principal=org.springframework.security.core.userdetails.User [Username=user, Password=[PROTECTED], Enabled=true, AccountNonExpired=true, CredentialsNonExpired=true, AccountNonLocked=true, Granted Authorities=[ROLE_USER]], Credentials=[PROTECTED], Authenticated=true, Details=WebAuthenticationDetails [RemoteIpAddress=0:0:0:0:0:0:0:1, SessionId=2E71F968A5A6D917057D404800EC3868], Granted Authorities=[ROLE_USER]]]
2025-03-20 23:12:02 [http-nio-9090-exec-3] DEBUG o.s.web.servlet.DispatcherServlet - Completed 200 OK
2025-03-20 23:12:02 [http-nio-9090-exec-3] DEBUG o.s.s.w.c.HttpSessionSecurityContextRepository - Retrieved SecurityContextImpl [Authentication=UsernamePasswordAuthenticationToken [Principal=org.springframework.security.core.userdetails.User [Username=user, Password=[PROTECTED], Enabled=true, AccountNonExpired=true, CredentialsNonExpired=true, AccountNonLocked=true, Granted Authorities=[ROLE_USER]], Credentials=[PROTECTED], Authenticated=true, Details=WebAuthenticationDetails [RemoteIpAddress=0:0:0:0:0:0:0:1, SessionId=2E71F968A5A6D917057D404800EC3868], Granted Authorities=[ROLE_USER]]]
2025-03-20 23:12:27 [http-nio-9090-exec-2] DEBUG o.s.security.web.FilterChainProxy - Securing GET /about
2025-03-20 23:12:27 [http-nio-9090-exec-2] DEBUG o.s.s.w.c.HttpSessionSecurityContextRepository - Retrieved SecurityContextImpl [Authentication=UsernamePasswordAuthenticationToken [Principal=org.springframework.security.core.userdetails.User [Username=user, Password=[PROTECTED], Enabled=true, AccountNonExpired=true, CredentialsNonExpired=true, AccountNonLocked=true, Granted Authorities=[ROLE_USER]], Credentials=[PROTECTED], Authenticated=true, Details=WebAuthenticationDetails [RemoteIpAddress=0:0:0:0:0:0:0:1, SessionId=2E71F968A5A6D917057D404800EC3868], Granted Authorities=[ROLE_USER]]]
2025-03-20 23:12:27 [http-nio-9090-exec-2] DEBUG o.s.security.web.FilterChainProxy - Secured GET /about
2025-03-20 23:12:27 [http-nio-9090-exec-2] DEBUG o.s.web.servlet.DispatcherServlet - GET "/about", parameters={}
2025-03-20 23:12:27 [http-nio-9090-exec-2] DEBUG o.s.w.s.m.m.a.RequestMappingHandlerMapping - Mapped to com.myblog.myblog.controller.BlogPostController#aboutPage(HttpServletRequest, Model, UserDetails)
2025-03-20 23:12:27 [http-nio-9090-exec-2] DEBUG org.hibernate.SQL - select u1_0.user_id,u1_0.created_at,u1_0.password,u1_0.role,u1_0.username from user u1_0 where u1_0.username=?
2025-03-20 23:12:27 [http-nio-9090-exec-2] DEBUG org.hibernate.SQL - select a1_0.id,a1_0.author_id,a1_0.content,a1_0.create_time,a1_0.publish_time,a1_0.status,a1_0.title from article a1_0 where a1_0.author_id=?
2025-03-20 23:12:27 [http-nio-9090-exec-2] DEBUG o.s.w.s.v.ContentNegotiatingViewResolver - Selected 'text/html' given [text/html, application/xhtml+xml, image/avif, image/webp, image/apng, application/xml;q=0.9, */*;q=0.8, application/signed-exchange;v=b3;q=0.7]
2025-03-20 23:12:27 [http-nio-9090-exec-2] DEBUG o.s.web.servlet.DispatcherServlet - Completed 200 OK
2025-03-20 23:12:27 [http-nio-9090-exec-6] DEBUG o.s.security.web.FilterChainProxy - Securing GET /css/article-list.css
2025-03-20 23:12:27 [http-nio-9090-exec-4] DEBUG o.s.security.web.FilterChainProxy - Securing GET /css/base.css
2025-03-20 23:12:27 [http-nio-9090-exec-8] DEBUG o.s.security.web.FilterChainProxy - Securing GET /images/logo.png
2025-03-20 23:12:27 [http-nio-9090-exec-4] DEBUG o.s.security.web.FilterChainProxy - Secured GET /css/base.css
2025-03-20 23:12:27 [http-nio-9090-exec-4] DEBUG o.s.web.servlet.DispatcherServlet - GET "/css/base.css", parameters={}
2025-03-20 23:12:27 [http-nio-9090-exec-8] DEBUG o.s.security.web.FilterChainProxy - Secured GET /images/logo.png
2025-03-20 23:12:27 [http-nio-9090-exec-6] DEBUG o.s.security.web.FilterChainProxy - Secured GET /css/article-list.css
2025-03-20 23:12:27 [http-nio-9090-exec-8] DEBUG o.s.web.servlet.DispatcherServlet - GET "/images/logo.png", parameters={}
2025-03-20 23:12:27 [http-nio-9090-exec-6] DEBUG o.s.web.servlet.DispatcherServlet - GET "/css/article-list.css", parameters={}
2025-03-20 23:12:27 [http-nio-9090-exec-8] DEBUG o.s.w.s.h.SimpleUrlHandlerMapping - Mapped to ResourceHttpRequestHandler [classpath [META-INF/resources/], classpath [resources/], classpath [static/], classpath [public/], ServletContext [/]]
2025-03-20 23:12:27 [http-nio-9090-exec-6] DEBUG o.s.w.s.h.SimpleUrlHandlerMapping - Mapped to ResourceHttpRequestHandler [classpath [META-INF/resources/], classpath [resources/], classpath [static/], classpath [public/], ServletContext [/]]
2025-03-20 23:12:27 [http-nio-9090-exec-4] DEBUG o.s.w.s.h.SimpleUrlHandlerMapping - Mapped to ResourceHttpRequestHandler [classpath [META-INF/resources/], classpath [resources/], classpath [static/], classpath [public/], ServletContext [/]]
2025-03-20 23:12:27 [http-nio-9090-exec-4] DEBUG o.s.web.servlet.DispatcherServlet - Completed 200 OK
2025-03-20 23:12:27 [http-nio-9090-exec-4] DEBUG o.s.s.w.c.HttpSessionSecurityContextRepository - Retrieved SecurityContextImpl [Authentication=UsernamePasswordAuthenticationToken [Principal=org.springframework.security.core.userdetails.User [Username=user, Password=[PROTECTED], Enabled=true, AccountNonExpired=true, CredentialsNonExpired=true, AccountNonLocked=true, Granted Authorities=[ROLE_USER]], Credentials=[PROTECTED], Authenticated=true, Details=WebAuthenticationDetails [RemoteIpAddress=0:0:0:0:0:0:0:1, SessionId=2E71F968A5A6D917057D404800EC3868], Granted Authorities=[ROLE_USER]]]
2025-03-20 23:12:27 [http-nio-9090-exec-8] DEBUG o.s.web.servlet.DispatcherServlet - Completed 200 OK
2025-03-20 23:12:27 [http-nio-9090-exec-8] DEBUG o.s.s.w.c.HttpSessionSecurityContextRepository - Retrieved SecurityContextImpl [Authentication=UsernamePasswordAuthenticationToken [Principal=org.springframework.security.core.userdetails.User [Username=user, Password=[PROTECTED], Enabled=true, AccountNonExpired=true, CredentialsNonExpired=true, AccountNonLocked=true, Granted Authorities=[ROLE_USER]], Credentials=[PROTECTED], Authenticated=true, Details=WebAuthenticationDetails [RemoteIpAddress=0:0:0:0:0:0:0:1, SessionId=2E71F968A5A6D917057D404800EC3868], Granted Authorities=[ROLE_USER]]]
2025-03-20 23:12:27 [http-nio-9090-exec-6] DEBUG o.s.web.servlet.DispatcherServlet - Completed 200 OK
2025-03-20 23:12:27 [http-nio-9090-exec-6] DEBUG o.s.s.w.c.HttpSessionSecurityContextRepository - Retrieved SecurityContextImpl [Authentication=UsernamePasswordAuthenticationToken [Principal=org.springframework.security.core.userdetails.User [Username=user, Password=[PROTECTED], Enabled=true, AccountNonExpired=true, CredentialsNonExpired=true, AccountNonLocked=true, Granted Authorities=[ROLE_USER]], Credentials=[PROTECTED], Authenticated=true, Details=WebAuthenticationDetails [RemoteIpAddress=0:0:0:0:0:0:0:1, SessionId=2E71F968A5A6D917057D404800EC3868], Granted Authorities=[ROLE_USER]]]
2025-03-20 23:13:25 [http-nio-9090-exec-10] DEBUG o.s.security.web.FilterChainProxy - Securing POST /logout
2025-03-20 23:13:25 [http-nio-9090-exec-10] DEBUG o.s.s.w.c.HttpSessionSecurityContextRepository - Retrieved SecurityContextImpl [Authentication=UsernamePasswordAuthenticationToken [Principal=org.springframework.security.core.userdetails.User [Username=user, Password=[PROTECTED], Enabled=true, AccountNonExpired=true, CredentialsNonExpired=true, AccountNonLocked=true, Granted Authorities=[ROLE_USER]], Credentials=[PROTECTED], Authenticated=true, Details=WebAuthenticationDetails [RemoteIpAddress=0:0:0:0:0:0:0:1, SessionId=2E71F968A5A6D917057D404800EC3868], Granted Authorities=[ROLE_USER]]]
2025-03-20 23:13:25 [http-nio-9090-exec-10] DEBUG o.s.s.w.a.logout.LogoutFilter - Logging out [UsernamePasswordAuthenticationToken [Principal=org.springframework.security.core.userdetails.User [Username=user, Password=[PROTECTED], Enabled=true, AccountNonExpired=true, CredentialsNonExpired=true, AccountNonLocked=true, Granted Authorities=[ROLE_USER]], Credentials=[PROTECTED], Authenticated=true, Details=WebAuthenticationDetails [RemoteIpAddress=0:0:0:0:0:0:0:1, SessionId=2E71F968A5A6D917057D404800EC3868], Granted Authorities=[ROLE_USER]]]
2025-03-20 23:13:25 [http-nio-9090-exec-10] DEBUG o.s.s.w.a.l.SecurityContextLogoutHandler - Invalidated session 32CCA1D893547A76FAF7062D48A5DD0F
2025-03-20 23:13:25 [http-nio-9090-exec-10] DEBUG o.s.s.web.DefaultRedirectStrategy - Redirecting to /
2025-03-20 23:13:25 [http-nio-9090-exec-7] DEBUG o.s.security.web.FilterChainProxy - Securing GET /
2025-03-20 23:13:25 [http-nio-9090-exec-7] DEBUG o.s.security.web.FilterChainProxy - Secured GET /
2025-03-20 23:13:25 [http-nio-9090-exec-7] DEBUG o.s.web.servlet.DispatcherServlet - GET "/", parameters={}
2025-03-20 23:13:25 [http-nio-9090-exec-7] DEBUG o.s.w.s.m.m.a.RequestMappingHandlerMapping - Mapped to com.myblog.myblog.controller.BlogPostController#index(int, int, Model, HttpServletRequest)
2025-03-20 23:13:25 [http-nio-9090-exec-7] DEBUG org.hibernate.SQL - select a1_0.id,a1_0.author_id,a1_0.content,a1_0.create_time,a1_0.publish_time,a1_0.status,a1_0.title from article a1_0 limit ?,?
2025-03-20 23:13:25 [http-nio-9090-exec-7] DEBUG org.hibernate.SQL - select count(a1_0.id) from article a1_0
2025-03-20 23:13:25 [http-nio-9090-exec-7] DEBUG o.s.w.s.v.ContentNegotiatingViewResolver - Selected 'text/html' given [text/html, application/xhtml+xml, image/avif, image/webp, image/apng, application/xml;q=0.9, */*;q=0.8, application/signed-exchange;v=b3;q=0.7]
2025-03-20 23:13:25 [http-nio-9090-exec-7] DEBUG o.s.web.servlet.DispatcherServlet - Completed 200 OK
2025-03-20 23:13:25 [http-nio-9090-exec-1] DEBUG o.s.security.web.FilterChainProxy - Securing GET /css/article-list.css
2025-03-20 23:13:25 [http-nio-9090-exec-5] DEBUG o.s.security.web.FilterChainProxy - Securing GET /images/logo.png
2025-03-20 23:13:25 [http-nio-9090-exec-9] DEBUG o.s.security.web.FilterChainProxy - Securing GET /css/base.css
2025-03-20 23:13:25 [http-nio-9090-exec-5] DEBUG o.s.security.web.FilterChainProxy - Secured GET /images/logo.png
2025-03-20 23:13:25 [http-nio-9090-exec-1] DEBUG o.s.security.web.FilterChainProxy - Secured GET /css/article-list.css
2025-03-20 23:13:25 [http-nio-9090-exec-9] DEBUG o.s.security.web.FilterChainProxy - Secured GET /css/base.css
2025-03-20 23:13:25 [http-nio-9090-exec-5] DEBUG o.s.web.servlet.DispatcherServlet - GET "/images/logo.png", parameters={}
2025-03-20 23:13:25 [http-nio-9090-exec-9] DEBUG o.s.web.servlet.DispatcherServlet - GET "/css/base.css", parameters={}
2025-03-20 23:13:25 [http-nio-9090-exec-1] DEBUG o.s.web.servlet.DispatcherServlet - GET "/css/article-list.css", parameters={}
2025-03-20 23:13:25 [http-nio-9090-exec-1] DEBUG o.s.w.s.h.SimpleUrlHandlerMapping - Mapped to ResourceHttpRequestHandler [classpath [META-INF/resources/], classpath [resources/], classpath [static/], classpath [public/], ServletContext [/]]
2025-03-20 23:13:25 [http-nio-9090-exec-9] DEBUG o.s.w.s.h.SimpleUrlHandlerMapping - Mapped to ResourceHttpRequestHandler [classpath [META-INF/resources/], classpath [resources/], classpath [static/], classpath [public/], ServletContext [/]]
2025-03-20 23:13:25 [http-nio-9090-exec-5] DEBUG o.s.w.s.h.SimpleUrlHandlerMapping - Mapped to ResourceHttpRequestHandler [classpath [META-INF/resources/], classpath [resources/], classpath [static/], classpath [public/], ServletContext [/]]
2025-03-20 23:13:25 [http-nio-9090-exec-9] DEBUG o.s.web.servlet.DispatcherServlet - Completed 200 OK
2025-03-20 23:13:25 [http-nio-9090-exec-1] DEBUG o.s.web.servlet.DispatcherServlet - Completed 200 OK
2025-03-20 23:13:25 [http-nio-9090-exec-5] DEBUG o.s.web.servlet.DispatcherServlet - Completed 200 OK
2025-03-20 23:13:26 [http-nio-9090-exec-3] DEBUG o.s.security.web.FilterChainProxy - Securing GET /login
2025-03-20 23:13:26 [http-nio-9090-exec-3] DEBUG o.s.security.web.FilterChainProxy - Secured GET /login
2025-03-20 23:13:26 [http-nio-9090-exec-3] DEBUG o.s.web.servlet.DispatcherServlet - GET "/login", parameters={}
2025-03-20 23:13:26 [http-nio-9090-exec-3] DEBUG o.s.w.s.m.m.a.RequestMappingHandlerMapping - Mapped to com.myblog.myblog.controller.LoginController#login(Model, HttpSession)
2025-03-20 23:13:26 [http-nio-9090-exec-3] DEBUG o.s.w.s.v.ContentNegotiatingViewResolver - Selected 'text/html' given [text/html, application/xhtml+xml, image/avif, image/webp, image/apng, application/xml;q=0.9, */*;q=0.8, application/signed-exchange;v=b3;q=0.7]
2025-03-20 23:13:26 [http-nio-9090-exec-3] DEBUG o.s.web.servlet.DispatcherServlet - Completed 200 OK
2025-03-20 23:13:26 [http-nio-9090-exec-2] DEBUG o.s.security.web.FilterChainProxy - Securing GET /images/2.png
2025-03-20 23:13:26 [http-nio-9090-exec-2] DEBUG o.s.security.web.FilterChainProxy - Secured GET /images/2.png
2025-03-20 23:13:26 [http-nio-9090-exec-2] DEBUG o.s.web.servlet.DispatcherServlet - GET "/images/2.png", parameters={}
2025-03-20 23:13:26 [http-nio-9090-exec-2] DEBUG o.s.w.s.h.SimpleUrlHandlerMapping - Mapped to ResourceHttpRequestHandler [classpath [META-INF/resources/], classpath [resources/], classpath [static/], classpath [public/], ServletContext [/]]
2025-03-20 23:13:26 [http-nio-9090-exec-2] DEBUG o.s.web.servlet.DispatcherServlet - Completed 200 OK
2025-03-20 23:13:31 [http-nio-9090-exec-4] DEBUG o.s.security.web.FilterChainProxy - Securing POST /login
2025-03-20 23:13:31 [http-nio-9090-exec-4] DEBUG org.hibernate.SQL - select u1_0.user_id,u1_0.created_at,u1_0.password,u1_0.role,u1_0.username from user u1_0 where u1_0.username=?
2025-03-20 23:13:31 [http-nio-9090-exec-4] DEBUG o.s.s.a.d.DaoAuthenticationProvider - Authenticated user
2025-03-20 23:13:31 [http-nio-9090-exec-4] DEBUG o.s.s.w.a.s.ChangeSessionIdAuthenticationStrategy - Changed session id from 852558768B80C17715D37A749D83AC80
2025-03-20 23:13:31 [http-nio-9090-exec-4] DEBUG o.s.s.w.c.CsrfAuthenticationStrategy - Replaced CSRF Token
2025-03-20 23:13:31 [http-nio-9090-exec-4] DEBUG o.s.s.w.c.HttpSessionSecurityContextRepository - Stored SecurityContextImpl [Authentication=UsernamePasswordAuthenticationToken [Principal=org.springframework.security.core.userdetails.User [Username=admin, Password=[PROTECTED], Enabled=true, AccountNonExpired=true, CredentialsNonExpired=true, AccountNonLocked=true, Granted Authorities=[ROLE_ADMIN]], Credentials=[PROTECTED], Authenticated=true, Details=WebAuthenticationDetails [RemoteIpAddress=0:0:0:0:0:0:0:1, SessionId=852558768B80C17715D37A749D83AC80], Granted Authorities=[ROLE_ADMIN]]] to HttpSession [org.apache.catalina.session.StandardSessionFacade@49e9b9d9]
2025-03-20 23:13:31 [http-nio-9090-exec-4] DEBUG o.s.s.w.a.UsernamePasswordAuthenticationFilter - Set SecurityContextHolder to UsernamePasswordAuthenticationToken [Principal=org.springframework.security.core.userdetails.User [Username=admin, Password=[PROTECTED], Enabled=true, AccountNonExpired=true, CredentialsNonExpired=true, AccountNonLocked=true, Granted Authorities=[ROLE_ADMIN]], Credentials=[PROTECTED], Authenticated=true, Details=WebAuthenticationDetails [RemoteIpAddress=0:0:0:0:0:0:0:1, SessionId=852558768B80C17715D37A749D83AC80], Granted Authorities=[ROLE_ADMIN]]
2025-03-20 23:13:31 [http-nio-9090-exec-8] DEBUG o.s.security.web.FilterChainProxy - Securing GET /admin
2025-03-20 23:13:31 [http-nio-9090-exec-8] DEBUG o.s.security.web.FilterChainProxy - Secured GET /admin
2025-03-20 23:13:31 [http-nio-9090-exec-8] DEBUG o.s.web.servlet.DispatcherServlet - GET "/admin", parameters={}
2025-03-20 23:13:31 [http-nio-9090-exec-8] DEBUG o.s.w.s.m.m.a.RequestMappingHandlerMapping - Mapped to com.myblog.myblog.controller.AdminController#adminDashboard(Model, HttpServletRequest)
2025-03-20 23:13:31 [http-nio-9090-exec-8] DEBUG org.hibernate.SQL - select count(*) from article a1_0
2025-03-20 23:13:31 [http-nio-9090-exec-8] DEBUG org.hibernate.SQL - select count(*) from user u1_0
2025-03-20 23:13:31 [http-nio-9090-exec-8] DEBUG o.s.w.s.v.ContentNegotiatingViewResolver - Selected 'text/html' given [text/html, application/xhtml+xml, image/avif, image/webp, image/apng, application/xml;q=0.9, */*;q=0.8, application/signed-exchange;v=b3;q=0.7]
2025-03-20 23:13:31 [http-nio-9090-exec-8] DEBUG o.s.s.w.c.HttpSessionSecurityContextRepository - Retrieved SecurityContextImpl [Authentication=UsernamePasswordAuthenticationToken [Principal=org.springframework.security.core.userdetails.User [Username=admin, Password=[PROTECTED], Enabled=true, AccountNonExpired=true, CredentialsNonExpired=true, AccountNonLocked=true, Granted Authorities=[ROLE_ADMIN]], Credentials=[PROTECTED], Authenticated=true, Details=WebAuthenticationDetails [RemoteIpAddress=0:0:0:0:0:0:0:1, SessionId=852558768B80C17715D37A749D83AC80], Granted Authorities=[ROLE_ADMIN]]]
2025-03-20 23:13:31 [http-nio-9090-exec-8] DEBUG o.s.web.servlet.DispatcherServlet - Completed 200 OK
2025-03-20 23:13:31 [http-nio-9090-exec-10] DEBUG o.s.security.web.FilterChainProxy - Securing GET /css/admin.css
2025-03-20 23:13:31 [http-nio-9090-exec-6] DEBUG o.s.security.web.FilterChainProxy - Securing GET /css/base.css
2025-03-20 23:13:31 [http-nio-9090-exec-10] DEBUG o.s.security.web.FilterChainProxy - Secured GET /css/admin.css
2025-03-20 23:13:31 [http-nio-9090-exec-6] DEBUG o.s.security.web.FilterChainProxy - Secured GET /css/base.css
2025-03-20 23:13:31 [http-nio-9090-exec-10] DEBUG o.s.web.servlet.DispatcherServlet - GET "/css/admin.css", parameters={}
2025-03-20 23:13:31 [http-nio-9090-exec-6] DEBUG o.s.web.servlet.DispatcherServlet - GET "/css/base.css", parameters={}
2025-03-20 23:13:31 [http-nio-9090-exec-10] DEBUG o.s.w.s.h.SimpleUrlHandlerMapping - Mapped to ResourceHttpRequestHandler [classpath [META-INF/resources/], classpath [resources/], classpath [static/], classpath [public/], ServletContext [/]]
2025-03-20 23:13:31 [http-nio-9090-exec-6] DEBUG o.s.w.s.h.SimpleUrlHandlerMapping - Mapped to ResourceHttpRequestHandler [classpath [META-INF/resources/], classpath [resources/], classpath [static/], classpath [public/], ServletContext [/]]
2025-03-20 23:13:31 [http-nio-9090-exec-6] DEBUG o.s.web.servlet.DispatcherServlet - Completed 200 OK
2025-03-20 23:13:31 [http-nio-9090-exec-7] DEBUG o.s.security.web.FilterChainProxy - Securing GET /images/logo.png
2025-03-20 23:13:31 [http-nio-9090-exec-10] DEBUG o.s.web.servlet.DispatcherServlet - Completed 200 OK
2025-03-20 23:13:31 [http-nio-9090-exec-6] DEBUG o.s.s.w.c.HttpSessionSecurityContextRepository - Retrieved SecurityContextImpl [Authentication=UsernamePasswordAuthenticationToken [Principal=org.springframework.security.core.userdetails.User [Username=admin, Password=[PROTECTED], Enabled=true, AccountNonExpired=true, CredentialsNonExpired=true, AccountNonLocked=true, Granted Authorities=[ROLE_ADMIN]], Credentials=[PROTECTED], Authenticated=true, Details=WebAuthenticationDetails [RemoteIpAddress=0:0:0:0:0:0:0:1, SessionId=852558768B80C17715D37A749D83AC80], Granted Authorities=[ROLE_ADMIN]]]
2025-03-20 23:13:31 [http-nio-9090-exec-10] DEBUG o.s.s.w.c.HttpSessionSecurityContextRepository - Retrieved SecurityContextImpl [Authentication=UsernamePasswordAuthenticationToken [Principal=org.springframework.security.core.userdetails.User [Username=admin, Password=[PROTECTED], Enabled=true, AccountNonExpired=true, CredentialsNonExpired=true, AccountNonLocked=true, Granted Authorities=[ROLE_ADMIN]], Credentials=[PROTECTED], Authenticated=true, Details=WebAuthenticationDetails [RemoteIpAddress=0:0:0:0:0:0:0:1, SessionId=852558768B80C17715D37A749D83AC80], Granted Authorities=[ROLE_ADMIN]]]
2025-03-20 23:13:31 [http-nio-9090-exec-7] DEBUG o.s.security.web.FilterChainProxy - Secured GET /images/logo.png
2025-03-20 23:13:31 [http-nio-9090-exec-7] DEBUG o.s.web.servlet.DispatcherServlet - GET "/images/logo.png", parameters={}
2025-03-20 23:13:31 [http-nio-9090-exec-7] DEBUG o.s.w.s.h.SimpleUrlHandlerMapping - Mapped to ResourceHttpRequestHandler [classpath [META-INF/resources/], classpath [resources/], classpath [static/], classpath [public/], ServletContext [/]]
2025-03-20 23:13:31 [http-nio-9090-exec-7] DEBUG o.s.web.servlet.DispatcherServlet - Completed 200 OK
2025-03-20 23:13:31 [http-nio-9090-exec-7] DEBUG o.s.s.w.c.HttpSessionSecurityContextRepository - Retrieved SecurityContextImpl [Authentication=UsernamePasswordAuthenticationToken [Principal=org.springframework.security.core.userdetails.User [Username=admin, Password=[PROTECTED], Enabled=true, AccountNonExpired=true, CredentialsNonExpired=true, AccountNonLocked=true, Granted Authorities=[ROLE_ADMIN]], Credentials=[PROTECTED], Authenticated=true, Details=WebAuthenticationDetails [RemoteIpAddress=0:0:0:0:0:0:0:1, SessionId=852558768B80C17715D37A749D83AC80], Granted Authorities=[ROLE_ADMIN]]]
2025-03-20 23:14:04 [http-nio-9090-exec-1] DEBUG o.s.security.web.FilterChainProxy - Securing GET /admin/articles
2025-03-20 23:14:04 [http-nio-9090-exec-1] DEBUG o.s.security.web.FilterChainProxy - Secured GET /admin/articles
2025-03-20 23:14:04 [http-nio-9090-exec-1] DEBUG o.s.web.servlet.DispatcherServlet - GET "/admin/articles", parameters={}
2025-03-20 23:14:04 [http-nio-9090-exec-1] DEBUG o.s.w.s.m.m.a.RequestMappingHandlerMapping - Mapped to com.myblog.myblog.controller.AdminController#manageArticles(int, int, Model, HttpServletRequest)
2025-03-20 23:14:04 [http-nio-9090-exec-1] DEBUG org.hibernate.SQL - select a1_0.id,a2_0.user_id,a2_0.created_at,a2_0.password,a2_0.role,a2_0.username,a1_0.content,a1_0.create_time,a1_0.publish_time,a1_0.status,a1_0.title from article a1_0 left join user a2_0 on a2_0.user_id=a1_0.author_id limit ?
2025-03-20 23:14:04 [http-nio-9090-exec-1] DEBUG org.hibernate.SQL - select count(a1_0.id) from article a1_0
2025-03-20 23:14:04 [http-nio-9090-exec-1] DEBUG o.s.w.s.v.ContentNegotiatingViewResolver - Selected 'text/html' given [text/html, application/xhtml+xml, image/avif, image/webp, image/apng, application/xml;q=0.9, */*;q=0.8, application/signed-exchange;v=b3;q=0.7]
2025-03-20 23:14:04 [http-nio-9090-exec-1] DEBUG o.s.web.servlet.DispatcherServlet - Completed 200 OK
2025-03-20 23:14:04 [http-nio-9090-exec-1] DEBUG o.s.s.w.c.HttpSessionSecurityContextRepository - Retrieved SecurityContextImpl [Authentication=UsernamePasswordAuthenticationToken [Principal=org.springframework.security.core.userdetails.User [Username=admin, Password=[PROTECTED], Enabled=true, AccountNonExpired=true, CredentialsNonExpired=true, AccountNonLocked=true, Granted Authorities=[ROLE_ADMIN]], Credentials=[PROTECTED], Authenticated=true, Details=WebAuthenticationDetails [RemoteIpAddress=0:0:0:0:0:0:0:1, SessionId=852558768B80C17715D37A749D83AC80], Granted Authorities=[ROLE_ADMIN]]]
2025-03-20 23:14:04 [http-nio-9090-exec-9] DEBUG o.s.security.web.FilterChainProxy - Securing GET /css/admin.css
2025-03-20 23:14:04 [http-nio-9090-exec-9] DEBUG o.s.security.web.FilterChainProxy - Secured GET /css/admin.css
2025-03-20 23:14:04 [http-nio-9090-exec-9] DEBUG o.s.web.servlet.DispatcherServlet - GET "/css/admin.css", parameters={}
2025-03-20 23:14:04 [http-nio-9090-exec-9] DEBUG o.s.w.s.h.SimpleUrlHandlerMapping - Mapped to ResourceHttpRequestHandler [classpath [META-INF/resources/], classpath [resources/], classpath [static/], classpath [public/], ServletContext [/]]
2025-03-20 23:14:04 [http-nio-9090-exec-9] DEBUG o.s.web.servlet.DispatcherServlet - Completed 200 OK
2025-03-20 23:14:04 [http-nio-9090-exec-9] DEBUG o.s.s.w.c.HttpSessionSecurityContextRepository - Retrieved SecurityContextImpl [Authentication=UsernamePasswordAuthenticationToken [Principal=org.springframework.security.core.userdetails.User [Username=admin, Password=[PROTECTED], Enabled=true, AccountNonExpired=true, CredentialsNonExpired=true, AccountNonLocked=true, Granted Authorities=[ROLE_ADMIN]], Credentials=[PROTECTED], Authenticated=true, Details=WebAuthenticationDetails [RemoteIpAddress=0:0:0:0:0:0:0:1, SessionId=852558768B80C17715D37A749D83AC80], Granted Authorities=[ROLE_ADMIN]]]
2025-03-20 23:14:28 [http-nio-9090-exec-5] DEBUG o.s.security.web.FilterChainProxy - Securing GET /admin/users
2025-03-20 23:14:28 [http-nio-9090-exec-5] DEBUG o.s.security.web.FilterChainProxy - Secured GET /admin/users
2025-03-20 23:14:28 [http-nio-9090-exec-5] DEBUG o.s.web.servlet.DispatcherServlet - GET "/admin/users", parameters={}
2025-03-20 23:14:28 [http-nio-9090-exec-5] DEBUG o.s.w.s.m.m.a.RequestMappingHandlerMapping - Mapped to com.myblog.myblog.controller.UserController#listUsers(Model, int, int)
2025-03-20 23:14:28 [http-nio-9090-exec-5] DEBUG o.s.s.a.m.AuthorizationManagerBeforeMethodInterceptor - Authorizing method invocation ReflectiveMethodInvocation: public java.lang.String com.myblog.myblog.controller.UserController.listUsers(org.springframework.ui.Model,int,int); target is of class [com.myblog.myblog.controller.UserController]
2025-03-20 23:14:28 [http-nio-9090-exec-5] DEBUG o.s.s.w.c.HttpSessionSecurityContextRepository - Retrieved SecurityContextImpl [Authentication=UsernamePasswordAuthenticationToken [Principal=org.springframework.security.core.userdetails.User [Username=admin, Password=[PROTECTED], Enabled=true, AccountNonExpired=true, CredentialsNonExpired=true, AccountNonLocked=true, Granted Authorities=[ROLE_ADMIN]], Credentials=[PROTECTED], Authenticated=true, Details=WebAuthenticationDetails [RemoteIpAddress=0:0:0:0:0:0:0:1, SessionId=852558768B80C17715D37A749D83AC80], Granted Authorities=[ROLE_ADMIN]]]
2025-03-20 23:14:28 [http-nio-9090-exec-5] DEBUG o.s.s.a.m.AuthorizationManagerBeforeMethodInterceptor - Authorized method invocation ReflectiveMethodInvocation: public java.lang.String com.myblog.myblog.controller.UserController.listUsers(org.springframework.ui.Model,int,int); target is of class [com.myblog.myblog.controller.UserController]
2025-03-20 23:14:28 [http-nio-9090-exec-5] DEBUG org.hibernate.SQL - select u1_0.user_id,u1_0.created_at,u1_0.password,u1_0.role,u1_0.username from user u1_0 limit ?,?
2025-03-20 23:14:28 [http-nio-9090-exec-5] DEBUG o.s.w.s.v.ContentNegotiatingViewResolver - Selected 'text/html' given [text/html, application/xhtml+xml, image/avif, image/webp, image/apng, application/xml;q=0.9, */*;q=0.8, application/signed-exchange;v=b3;q=0.7]
2025-03-20 23:14:28 [http-nio-9090-exec-5] DEBUG o.s.web.servlet.DispatcherServlet - Completed 200 OK
2025-03-20 23:14:28 [http-nio-9090-exec-3] DEBUG o.s.security.web.FilterChainProxy - Securing GET /css/admin.css
2025-03-20 23:14:28 [http-nio-9090-exec-3] DEBUG o.s.security.web.FilterChainProxy - Secured GET /css/admin.css
2025-03-20 23:14:28 [http-nio-9090-exec-3] DEBUG o.s.web.servlet.DispatcherServlet - GET "/css/admin.css", parameters={}
2025-03-20 23:14:28 [http-nio-9090-exec-3] DEBUG o.s.w.s.h.SimpleUrlHandlerMapping - Mapped to ResourceHttpRequestHandler [classpath [META-INF/resources/], classpath [resources/], classpath [static/], classpath [public/], ServletContext [/]]
2025-03-20 23:14:28 [http-nio-9090-exec-3] DEBUG o.s.web.servlet.DispatcherServlet - Completed 200 OK
2025-03-20 23:14:28 [http-nio-9090-exec-3] DEBUG o.s.s.w.c.HttpSessionSecurityContextRepository - Retrieved SecurityContextImpl [Authentication=UsernamePasswordAuthenticationToken [Principal=org.springframework.security.core.userdetails.User [Username=admin, Password=[PROTECTED], Enabled=true, AccountNonExpired=true, CredentialsNonExpired=true, AccountNonLocked=true, Granted Authorities=[ROLE_ADMIN]], Credentials=[PROTECTED], Authenticated=true, Details=WebAuthenticationDetails [RemoteIpAddress=0:0:0:0:0:0:0:1, SessionId=852558768B80C17715D37A749D83AC80], Granted Authorities=[ROLE_ADMIN]]]
2025-03-20 23:14:43 [http-nio-9090-exec-4] DEBUG o.s.security.web.FilterChainProxy - Securing GET /admin/articles
2025-03-20 23:14:43 [http-nio-9090-exec-4] DEBUG o.s.security.web.FilterChainProxy - Secured GET /admin/articles
2025-03-20 23:14:43 [http-nio-9090-exec-4] DEBUG o.s.web.servlet.DispatcherServlet - GET "/admin/articles", parameters={}
2025-03-20 23:14:43 [http-nio-9090-exec-4] DEBUG o.s.w.s.m.m.a.RequestMappingHandlerMapping - Mapped to com.myblog.myblog.controller.AdminController#manageArticles(int, int, Model, HttpServletRequest)
2025-03-20 23:14:43 [http-nio-9090-exec-4] DEBUG org.hibernate.SQL - select a1_0.id,a2_0.user_id,a2_0.created_at,a2_0.password,a2_0.role,a2_0.username,a1_0.content,a1_0.create_time,a1_0.publish_time,a1_0.status,a1_0.title from article a1_0 left join user a2_0 on a2_0.user_id=a1_0.author_id limit ?
2025-03-20 23:14:43 [http-nio-9090-exec-4] DEBUG org.hibernate.SQL - select count(a1_0.id) from article a1_0
2025-03-20 23:14:43 [http-nio-9090-exec-4] DEBUG o.s.w.s.v.ContentNegotiatingViewResolver - Selected 'text/html' given [text/html, application/xhtml+xml, image/avif, image/webp, image/apng, application/xml;q=0.9, */*;q=0.8, application/signed-exchange;v=b3;q=0.7]
2025-03-20 23:14:43 [http-nio-9090-exec-4] DEBUG o.s.web.servlet.DispatcherServlet - Completed 200 OK
2025-03-20 23:14:43 [http-nio-9090-exec-4] DEBUG o.s.s.w.c.HttpSessionSecurityContextRepository - Retrieved SecurityContextImpl [Authentication=UsernamePasswordAuthenticationToken [Principal=org.springframework.security.core.userdetails.User [Username=admin, Password=[PROTECTED], Enabled=true, AccountNonExpired=true, CredentialsNonExpired=true, AccountNonLocked=true, Granted Authorities=[ROLE_ADMIN]], Credentials=[PROTECTED], Authenticated=true, Details=WebAuthenticationDetails [RemoteIpAddress=0:0:0:0:0:0:0:1, SessionId=852558768B80C17715D37A749D83AC80], Granted Authorities=[ROLE_ADMIN]]]
2025-03-20 23:14:43 [http-nio-9090-exec-8] DEBUG o.s.security.web.FilterChainProxy - Securing GET /css/admin.css
2025-03-20 23:14:43 [http-nio-9090-exec-8] DEBUG o.s.security.web.FilterChainProxy - Secured GET /css/admin.css
2025-03-20 23:14:43 [http-nio-9090-exec-8] DEBUG o.s.web.servlet.DispatcherServlet - GET "/css/admin.css", parameters={}
2025-03-20 23:14:43 [http-nio-9090-exec-8] DEBUG o.s.w.s.h.SimpleUrlHandlerMapping - Mapped to ResourceHttpRequestHandler [classpath [META-INF/resources/], classpath [resources/], classpath [static/], classpath [public/], ServletContext [/]]
2025-03-20 23:14:43 [http-nio-9090-exec-8] DEBUG o.s.web.servlet.DispatcherServlet - Completed 200 OK
2025-03-20 23:14:43 [http-nio-9090-exec-8] DEBUG o.s.s.w.c.HttpSessionSecurityContextRepository - Retrieved SecurityContextImpl [Authentication=UsernamePasswordAuthenticationToken [Principal=org.springframework.security.core.userdetails.User [Username=admin, Password=[PROTECTED], Enabled=true, AccountNonExpired=true, CredentialsNonExpired=true, AccountNonLocked=true, Granted Authorities=[ROLE_ADMIN]], Credentials=[PROTECTED], Authenticated=true, Details=WebAuthenticationDetails [RemoteIpAddress=0:0:0:0:0:0:0:1, SessionId=852558768B80C17715D37A749D83AC80], Granted Authorities=[ROLE_ADMIN]]]
2025-03-20 23:14:54 [http-nio-9090-exec-6] DEBUG o.s.security.web.FilterChainProxy - Securing GET /admin/users
2025-03-20 23:14:54 [http-nio-9090-exec-6] DEBUG o.s.security.web.FilterChainProxy - Secured GET /admin/users
2025-03-20 23:14:54 [http-nio-9090-exec-6] DEBUG o.s.web.servlet.DispatcherServlet - GET "/admin/users", parameters={}
2025-03-20 23:14:54 [http-nio-9090-exec-6] DEBUG o.s.w.s.m.m.a.RequestMappingHandlerMapping - Mapped to com.myblog.myblog.controller.UserController#listUsers(Model, int, int)
2025-03-20 23:14:54 [http-nio-9090-exec-6] DEBUG o.s.s.a.m.AuthorizationManagerBeforeMethodInterceptor - Authorizing method invocation ReflectiveMethodInvocation: public java.lang.String com.myblog.myblog.controller.UserController.listUsers(org.springframework.ui.Model,int,int); target is of class [com.myblog.myblog.controller.UserController]
2025-03-20 23:14:54 [http-nio-9090-exec-6] DEBUG o.s.s.w.c.HttpSessionSecurityContextRepository - Retrieved SecurityContextImpl [Authentication=UsernamePasswordAuthenticationToken [Principal=org.springframework.security.core.userdetails.User [Username=admin, Password=[PROTECTED], Enabled=true, AccountNonExpired=true, CredentialsNonExpired=true, AccountNonLocked=true, Granted Authorities=[ROLE_ADMIN]], Credentials=[PROTECTED], Authenticated=true, Details=WebAuthenticationDetails [RemoteIpAddress=0:0:0:0:0:0:0:1, SessionId=852558768B80C17715D37A749D83AC80], Granted Authorities=[ROLE_ADMIN]]]
2025-03-20 23:14:54 [http-nio-9090-exec-6] DEBUG o.s.s.a.m.AuthorizationManagerBeforeMethodInterceptor - Authorized method invocation ReflectiveMethodInvocation: public java.lang.String com.myblog.myblog.controller.UserController.listUsers(org.springframework.ui.Model,int,int); target is of class [com.myblog.myblog.controller.UserController]
2025-03-20 23:14:54 [http-nio-9090-exec-6] DEBUG org.hibernate.SQL - select u1_0.user_id,u1_0.created_at,u1_0.password,u1_0.role,u1_0.username from user u1_0 limit ?,?
2025-03-20 23:14:54 [http-nio-9090-exec-6] DEBUG o.s.w.s.v.ContentNegotiatingViewResolver - Selected 'text/html' given [text/html, application/xhtml+xml, image/avif, image/webp, image/apng, application/xml;q=0.9, */*;q=0.8, application/signed-exchange;v=b3;q=0.7]
2025-03-20 23:14:54 [http-nio-9090-exec-6] DEBUG o.s.web.servlet.DispatcherServlet - Completed 200 OK
2025-03-20 23:14:54 [http-nio-9090-exec-10] DEBUG o.s.security.web.FilterChainProxy - Securing GET /css/admin.css
2025-03-20 23:14:54 [http-nio-9090-exec-10] DEBUG o.s.security.web.FilterChainProxy - Secured GET /css/admin.css
2025-03-20 23:14:54 [http-nio-9090-exec-10] DEBUG o.s.web.servlet.DispatcherServlet - GET "/css/admin.css", parameters={}
2025-03-20 23:14:54 [http-nio-9090-exec-10] DEBUG o.s.w.s.h.SimpleUrlHandlerMapping - Mapped to ResourceHttpRequestHandler [classpath [META-INF/resources/], classpath [resources/], classpath [static/], classpath [public/], ServletContext [/]]
2025-03-20 23:14:54 [http-nio-9090-exec-10] DEBUG o.s.web.servlet.DispatcherServlet - Completed 200 OK
2025-03-20 23:14:54 [http-nio-9090-exec-10] DEBUG o.s.s.w.c.HttpSessionSecurityContextRepository - Retrieved SecurityContextImpl [Authentication=UsernamePasswordAuthenticationToken [Principal=org.springframework.security.core.userdetails.User [Username=admin, Password=[PROTECTED], Enabled=true, AccountNonExpired=true, CredentialsNonExpired=true, AccountNonLocked=true, Granted Authorities=[ROLE_ADMIN]], Credentials=[PROTECTED], Authenticated=true, Details=WebAuthenticationDetails [RemoteIpAddress=0:0:0:0:0:0:0:1, SessionId=852558768B80C17715D37A749D83AC80], Granted Authorities=[ROLE_ADMIN]]]
